# JRE version: OpenJDK Runtime Environment (7.0_85-b01) (build 1.7.0_85-b01)
# Java VM: OpenJDK 64-Bit Server VM (24.85-b03 mixed mode linux-amd64 compressed oops)
Heap
 PSYoungGen      total 128512K, used 1130K [0x00000000f8000000, 0x0000000100000000, 0x0000000100000000)
  eden space 125952K, 0% used [0x00000000f8000000,0x00000000f811ab20,0x00000000ffb00000)
  from space 2560K, 0% used [0x00000000ffd80000,0x00000000ffd80000,0x0000000100000000)
  to   space 2560K, 0% used [0x00000000ffb00000,0x00000000ffb00000,0x00000000ffd80000)
 ParOldGen       total 43008K, used 27454K [0x00000000e8000000, 0x00000000eaa00000, 0x00000000f8000000)
  object space 43008K, 63% used [0x00000000e8000000,0x00000000e9acfae8,0x00000000eaa00000)
 PSPermGen       total 65536K, used 64607K [0x00000000d8000000, 0x00000000dc000000, 0x00000000e8000000)
  object space 65536K, 98% used [0x00000000d8000000,0x00000000dbf17f70,0x00000000dc000000)
GC Heap History (10 events):
Event: 7195,001 GC heap before
{Heap before GC invocations=183 (full 85):
 PSYoungGen      total 128512K, used 1280K [0x00000000f8000000, 0x0000000100000000, 0x0000000100000000)
  eden space 125952K, 0% used [0x00000000f8000000,0x00000000f8000000,0x00000000ffb00000)
  from space 2560K, 50% used [0x00000000ffd80000,0x00000000ffec0020,0x0000000100000000)
  to   space 2560K, 0% used [0x00000000ffb00000,0x00000000ffb00000,0x00000000ffd80000)
 ParOldGen       total 43008K, used 27986K [0x00000000e8000000, 0x00000000eaa00000, 0x00000000f8000000)
  object space 43008K, 65% used [0x00000000e8000000,0x00000000e9b54b20,0x00000000eaa00000)
 PSPermGen       total 65536K, used 64603K [0x00000000d8000000, 0x00000000dc000000, 0x00000000e8000000)
  object space 65536K, 98% used [0x00000000d8000000,0x00000000dbf16f18,0x00000000dc000000)
Event: 7195,299 GC heap after
Heap after GC invocations=183 (full 85):
 PSYoungGen      total 128512K, used 0K [0x00000000f8000000, 0x0000000100000000, 0x0000000100000000)
  eden space 125952K, 0% used [0x00000000f8000000,0x00000000f8000000,0x00000000ffb00000)
  from space 2560K, 0% used [0x00000000ffd80000,0x00000000ffd80000,0x0000000100000000)
  to   space 2560K, 0% used [0x00000000ffb00000,0x00000000ffb00000,0x00000000ffd80000)
 ParOldGen       total 43008K, used 28007K [0x00000000e8000000, 0x00000000eaa00000, 0x00000000f8000000)
  object space 43008K, 65% used [0x00000000e8000000,0x00000000e9b59e60,0x00000000eaa00000)
 PSPermGen       total 65536K, used 64603K [0x00000000d8000000, 0x00000000dc000000, 0x00000000e8000000)
  object space 65536K, 98% used [0x00000000d8000000,0x00000000dbf16e38,0x00000000dc000000)
}
Event: 7254,992 GC heap before
{Heap before GC invocations=184 (full 85):
 PSYoungGen      total 128512K, used 4916K [0x00000000f8000000, 0x0000000100000000, 0x0000000100000000)
  eden space 125952K, 3% used [0x00000000f8000000,0x00000000f84cd1f0,0x00000000ffb00000)
  from space 2560K, 0% used [0x00000000ffd80000,0x00000000ffd80000,0x0000000100000000)
  to   space 2560K, 0% used [0x00000000ffb00000,0x00000000ffb00000,0x00000000ffd80000)
 ParOldGen       total 43008K, used 28007K [0x00000000e8000000, 0x00000000eaa00000, 0x00000000f8000000)
  object space 43008K, 65% used [0x00000000e8000000,0x00000000e9b59e60,0x00000000eaa00000)
 PSPermGen       total 65536K, used 64607K [0x00000000d8000000, 0x00000000dc000000, 0x00000000e8000000)
  object space 65536K, 98% used [0x00000000d8000000,0x00000000dbf17f90,0x00000000dc000000)
Event: 7254,998 GC heap after
Heap after GC invocations=184 (full 85):
 PSYoungGen      total 128512K, used 496K [0x00000000f8000000, 0x0000000100000000, 0x0000000100000000)
  eden space 125952K, 0% used [0x00000000f8000000,0x00000000f8000000,0x00000000ffb00000)
  from space 2560K, 19% used [0x00000000ffb00000,0x00000000ffb7c010,0x00000000ffd80000)
  to   space 2560K, 0% used [0x00000000ffd80000,0x00000000ffd80000,0x0000000100000000)
 ParOldGen       total 43008K, used 28007K [0x00000000e8000000, 0x00000000eaa00000, 0x00000000f8000000)
  object space 43008K, 65% used [0x00000000e8000000,0x00000000e9b59e60,0x00000000eaa00000)
 PSPermGen       total 65536K, used 64607K [0x00000000d8000000, 0x00000000dc000000, 0x00000000e8000000)
  object space 65536K, 98% used [0x00000000d8000000,0x00000000dbf17f90,0x00000000dc000000)
}
Event: 7254,998 GC heap before
{Heap before GC invocations=185 (full 86):
 PSYoungGen      total 128512K, used 496K [0x00000000f8000000, 0x0000000100000000, 0x0000000100000000)
  eden space 125952K, 0% used [0x00000000f8000000,0x00000000f8000000,0x00000000ffb00000)
  from space 2560K, 19% used [0x00000000ffb00000,0x00000000ffb7c010,0x00000000ffd80000)
  to   space 2560K, 0% used [0x00000000ffd80000,0x00000000ffd80000,0x0000000100000000)
 ParOldGen       total 43008K, used 28007K [0x00000000e8000000, 0x00000000eaa00000, 0x00000000f8000000)
  object space 43008K, 65% used [0x00000000e8000000,0x00000000e9b59e60,0x00000000eaa00000)
 PSPermGen       total 65536K, used 64607K [0x00000000d8000000, 0x00000000dc000000, 0x00000000e8000000)
  object space 65536K, 98% used [0x00000000d8000000,0x00000000dbf17f90,0x00000000dc000000)
Event: 7255,249 GC heap after
Heap after GC invocations=185 (full 86):
 PSYoungGen      total 128512K, used 0K [0x00000000f8000000, 0x0000000100000000, 0x0000000100000000)
  eden space 125952K, 0% used [0x00000000f8000000,0x00000000f8000000,0x00000000ffb00000)
  from space 2560K, 0% used [0x00000000ffb00000,0x00000000ffb00000,0x00000000ffd80000)
  to   space 2560K, 0% used [0x00000000ffd80000,0x00000000ffd80000,0x0000000100000000)
 ParOldGen       total 43008K, used 27988K [0x00000000e8000000, 0x00000000eaa00000, 0x00000000f8000000)
  object space 43008K, 65% used [0x00000000e8000000,0x00000000e9b550b8,0x00000000eaa00000)
 PSPermGen       total 65536K, used 64607K [0x00000000d8000000, 0x00000000dc000000, 0x00000000e8000000)
  object space 65536K, 98% used [0x00000000d8000000,0x00000000dbf17f70,0x00000000dc000000)
}
Event: 7314,992 GC heap before
{Heap before GC invocations=186 (full 86):
 PSYoungGen      total 128512K, used 1129K [0x00000000f8000000, 0x0000000100000000, 0x0000000100000000)
  eden space 125952K, 0% used [0x00000000f8000000,0x00000000f811a648,0x00000000ffb00000)
  from space 2560K, 0% used [0x00000000ffb00000,0x00000000ffb00000,0x00000000ffd80000)
  to   space 2560K, 0% used [0x00000000ffd80000,0x00000000ffd80000,0x0000000100000000)
 ParOldGen       total 43008K, used 27988K [0x00000000e8000000, 0x00000000eaa00000, 0x00000000f8000000)
  object space 43008K, 65% used [0x00000000e8000000,0x00000000e9b550b8,0x00000000eaa00000)
 PSPermGen       total 65536K, used 64607K [0x00000000d8000000, 0x00000000dc000000, 0x00000000e8000000)
  object space 65536K, 98% used [0x00000000d8000000,0x00000000dbf17f70,0x00000000dc000000)
Event: 7314,997 GC heap after
Heap after GC invocations=186 (full 86):
 PSYoungGen      total 128512K, used 64K [0x00000000f8000000, 0x0000000100000000, 0x0000000100000000)
  eden space 125952K, 0% used [0x00000000f8000000,0x00000000f8000000,0x00000000ffb00000)
  from space 2560K, 2% used [0x00000000ffd80000,0x00000000ffd90000,0x0000000100000000)
  to   space 2560K, 0% used [0x00000000ffb00000,0x00000000ffb00000,0x00000000ffd80000)
 ParOldGen       total 43008K, used 27988K [0x00000000e8000000, 0x00000000eaa00000, 0x00000000f8000000)
  object space 43008K, 65% used [0x00000000e8000000,0x00000000e9b550b8,0x00000000eaa00000)
 PSPermGen       total 65536K, used 64607K [0x00000000d8000000, 0x00000000dc000000, 0x00000000e8000000)
  object space 65536K, 98% used [0x00000000d8000000,0x00000000dbf17f70,0x00000000dc000000)
}
Event: 7314,997 GC heap before
{Heap before GC invocations=187 (full 87):
 PSYoungGen      total 128512K, used 64K [0x00000000f8000000, 0x0000000100000000, 0x0000000100000000)
  eden space 125952K, 0% used [0x00000000f8000000,0x00000000f8000000,0x00000000ffb00000)
  from space 2560K, 2% used [0x00000000ffd80000,0x00000000ffd90000,0x0000000100000000)
  to   space 2560K, 0% used [0x00000000ffb00000,0x00000000ffb00000,0x00000000ffd80000)
 ParOldGen       total 43008K, used 27988K [0x00000000e8000000, 0x00000000eaa00000, 0x00000000f8000000)
  object space 43008K, 65% used [0x00000000e8000000,0x00000000e9b550b8,0x00000000eaa00000)
 PSPermGen       total 65536K, used 64607K [0x00000000d8000000, 0x00000000dc000000, 0x00000000e8000000)
  object space 65536K, 98% used [0x00000000d8000000,0x00000000dbf17f70,0x00000000dc000000)
Event: 7315,214 GC heap after
Heap after GC invocations=187 (full 87):
 PSYoungGen      total 128512K, used 0K [0x00000000f8000000, 0x0000000100000000, 0x0000000100000000)
  eden space 125952K, 0% used [0x00000000f8000000,0x00000000f8000000,0x00000000ffb00000)
  from space 2560K, 0% used [0x00000000ffd80000,0x00000000ffd80000,0x0000000100000000)
  to   space 2560K, 0% used [0x00000000ffb00000,0x00000000ffb00000,0x00000000ffd80000)
 ParOldGen       total 43008K, used 27454K [0x00000000e8000000, 0x00000000eaa00000, 0x00000000f8000000)
  object space 43008K, 63% used [0x00000000e8000000,0x00000000e9acfae8,0x00000000eaa00000)
 PSPermGen       total 65536K, used 64607K [0x00000000d8000000, 0x00000000dc000000, 0x00000000e8000000)
  object space 65536K, 98% used [0x00000000d8000000,0x00000000dbf17f70,0x00000000dc000000)
}

